TN:
SF:src\app.ts
FN:8,main
FNF:1
FNH:1
FNDA:1,main
DA:1,1
DA:2,1
DA:3,1
DA:4,1
DA:5,1
DA:6,1
DA:7,1
DA:8,1
DA:9,1
DA:10,1
DA:11,1
DA:12,1
DA:13,1
DA:14,1
DA:15,1
DA:16,1
LF:16
LH:16
BRDA:4,0,0,1
BRDA:8,1,0,1
BRF:2
BRH:2
end_of_record
TN:
SF:src\config\envs.ts
FNF:0
FNH:0
DA:1,1
DA:2,1
DA:3,1
DA:4,1
DA:5,1
DA:6,1
DA:7,1
LF:7
LH:7
BRF:0
BRH:0
end_of_record
TN:
SF:src\data\postgres\index.ts
FNF:0
FNH:0
DA:1,1
DA:2,1
DA:3,1
LF:3
LH:3
BRF:0
BRH:0
end_of_record
TN:
SF:src\domain\index.ts
FNF:0
FNH:0
DA:1,1
DA:2,1
DA:3,1
DA:4,1
DA:5,1
DA:6,1
DA:7,1
DA:8,1
DA:9,1
DA:10,1
LF:10
LH:10
BRF:0
BRH:0
end_of_record
TN:
SF:src\domain\datasource\todo.datasource.ts
FNF:0
FNH:0
DA:1,1
DA:2,1
DA:3,1
DA:4,1
DA:5,1
DA:6,1
DA:7,1
DA:8,1
DA:9,1
DA:10,1
DA:11,1
LF:11
LH:11
BRF:0
BRH:0
end_of_record
TN:
SF:src\domain\dtos\todos\create-todo.dto.ts
FN:2,CreateTodoDto
FN:3,create
FNF:2
FNH:2
FNDA:1,CreateTodoDto
FNDA:3,create
DA:1,1
DA:2,1
DA:3,1
DA:4,3
DA:5,3
DA:6,3
DA:7,1
DA:8,1
DA:9,1
DA:10,1
LF:10
LH:10
BRDA:2,0,0,1
BRDA:3,1,0,3
BRDA:5,2,0,1
BRDA:6,3,0,2
BRDA:7,4,0,1
BRF:5
BRH:5
end_of_record
TN:
SF:src\domain\entities\todo.entity.ts
FN:2,TodoEntity
FN:7,get isCompleted
FN:10,fromObject
FNF:3
FNH:2
FNDA:10,TodoEntity
FNDA:0,get isCompleted
FNDA:10,fromObject
DA:1,1
DA:2,1
DA:3,10
DA:4,10
DA:5,10
DA:6,10
DA:7,1
DA:8,0
DA:9,0
DA:10,1
DA:11,10
DA:12,10
DA:13,10
DA:14,10
DA:15,10
DA:16,10
DA:17,2
DA:18,2
DA:19,2
DA:20,2
DA:21,10
DA:22,10
DA:23,1
LF:23
LH:21
BRDA:2,0,0,10
BRDA:10,1,0,10
BRDA:12,2,0,0
BRDA:13,3,0,0
BRDA:16,4,0,2
BRDA:19,5,0,0
BRF:6
BRH:3
end_of_record
TN:
SF:src\domain\errors\custom.error.ts
FN:2,CustomError
FNF:1
FNH:1
FNDA:3,CustomError
DA:1,1
DA:2,1
DA:3,3
DA:4,3
DA:5,3
DA:6,3
DA:7,3
DA:8,1
LF:8
LH:8
BRDA:2,0,0,3
BRF:1
BRH:1
end_of_record
TN:
SF:src\domain\repositories\todo.repositories.ts
FNF:0
FNH:0
DA:1,1
DA:2,1
DA:3,1
DA:4,1
DA:5,1
DA:6,1
DA:7,1
DA:8,1
DA:9,1
DA:10,1
DA:11,1
LF:11
LH:11
BRF:0
BRH:0
end_of_record
TN:
SF:src\domain\use-cases\todo\create-todo.ts
FN:9,CreateTodo
FN:10,execute
FNF:2
FNH:2
FNDA:1,CreateTodo
FNDA:1,execute
DA:1,1
DA:2,1
DA:3,1
DA:4,1
DA:5,1
DA:6,1
DA:7,1
DA:8,1
DA:9,1
DA:10,1
DA:11,1
DA:12,1
DA:13,1
LF:13
LH:13
BRDA:9,0,0,1
BRDA:10,1,0,1
BRF:2
BRH:2
end_of_record
TN:
SF:src\domain\use-cases\todo\delete-todo.ts
FN:8,DeleteTodo
FN:9,execute
FNF:2
FNH:2
FNDA:2,DeleteTodo
FNDA:2,execute
DA:1,1
DA:2,1
DA:3,1
DA:4,1
DA:5,1
DA:6,1
DA:7,1
DA:8,1
DA:9,1
DA:10,2
DA:11,2
DA:12,1
LF:12
LH:12
BRDA:8,0,0,2
BRDA:9,1,0,2
BRF:2
BRH:2
end_of_record
TN:
SF:src\domain\use-cases\todo\get-todo.ts
FN:10,GetTodo
FN:11,execute
FNF:2
FNH:2
FNDA:2,GetTodo
FNDA:2,execute
DA:1,1
DA:2,1
DA:3,1
DA:4,1
DA:5,1
DA:6,1
DA:7,1
DA:8,1
DA:9,1
DA:10,1
DA:11,1
DA:12,2
DA:13,2
DA:14,1
LF:14
LH:14
BRDA:10,0,0,2
BRDA:11,1,0,2
BRF:2
BRH:2
end_of_record
TN:
SF:src\domain\use-cases\todo\get-todos.ts
FN:8,GetTodos
FN:9,execute
FNF:2
FNH:2
FNDA:1,GetTodos
FNDA:1,execute
DA:1,1
DA:2,1
DA:3,1
DA:4,1
DA:5,1
DA:6,1
DA:7,1
DA:8,1
DA:9,1
DA:10,1
DA:11,1
DA:12,1
LF:12
LH:12
BRDA:8,0,0,1
BRDA:9,1,0,1
BRF:2
BRH:2
end_of_record
TN:
SF:src\domain\use-cases\todo\update-todo.ts
FN:9,UpdateTodo
FN:10,execute
FNF:2
FNH:2
FNDA:3,UpdateTodo
FNDA:3,execute
DA:1,1
DA:2,1
DA:3,1
DA:4,1
DA:5,1
DA:6,1
DA:7,1
DA:8,1
DA:9,1
DA:10,1
DA:11,3
DA:12,3
DA:13,1
LF:13
LH:13
BRDA:9,0,0,3
BRDA:10,1,0,3
BRF:2
BRH:2
end_of_record
TN:
SF:src\infrastructure\datasource\todo.datasource.impl.ts
FN:11,create
FN:17,getAll
FN:21,findById
FN:26,updateById
FN:34,deleteById
FNF:5
FNH:5
FNDA:1,create
FNDA:1,getAll
FNDA:7,findById
FNDA:3,updateById
FNDA:2,deleteById
DA:1,1
DA:2,1
DA:3,1
DA:4,1
DA:5,1
DA:6,1
DA:7,1
DA:8,1
DA:9,1
DA:10,1
DA:11,1
DA:12,1
DA:13,1
DA:14,1
DA:15,1
DA:16,1
DA:17,1
DA:18,1
DA:19,1
DA:20,1
DA:21,1
DA:22,7
DA:23,7
DA:24,4
DA:25,4
DA:26,1
DA:27,3
DA:28,2
DA:29,2
DA:30,2
DA:31,2
DA:32,2
DA:33,2
DA:34,1
DA:35,2
DA:36,1
DA:37,1
DA:38,1
DA:39,1
LF:39
LH:39
BRDA:11,0,0,1
BRDA:17,1,0,1
BRDA:19,2,0,2
BRDA:21,3,0,7
BRDA:23,4,0,3
BRDA:24,5,0,4
BRDA:26,6,0,3
BRDA:28,7,0,2
BRDA:34,8,0,2
BRDA:36,9,0,1
BRF:10
BRH:10
end_of_record
TN:
SF:src\infrastructure\repositories\todo.datasource.impl.ts
FN:10,TodoRepositoryImpl
FN:11,create
FN:14,getAll
FN:17,findById
FN:20,updateById
FN:23,deleteById
FNF:6
FNH:6
FNDA:2,TodoRepositoryImpl
FNDA:1,create
FNDA:1,getAll
FNDA:2,findById
FNDA:3,updateById
FNDA:2,deleteById
DA:1,1
DA:2,1
DA:3,1
DA:4,1
DA:5,1
DA:6,1
DA:7,1
DA:8,1
DA:9,1
DA:10,1
DA:11,1
DA:12,1
DA:13,1
DA:14,1
DA:15,1
DA:16,1
DA:17,1
DA:18,2
DA:19,2
DA:20,1
DA:21,3
DA:22,3
DA:23,1
DA:24,2
DA:25,2
DA:26,1
LF:26
LH:26
BRDA:10,0,0,2
BRDA:11,1,0,1
BRDA:14,2,0,1
BRDA:17,3,0,2
BRDA:20,4,0,3
BRDA:23,5,0,2
BRF:6
BRH:6
end_of_record
TN:
SF:src\presentation\server.ts
FN:18,Server
FN:24,start
FN:49,close
FNF:3
FNH:3
FNDA:1,Server
FNDA:1,start
FNDA:1,close
DA:1,1
DA:2,1
DA:3,1
DA:4,1
DA:5,1
DA:6,1
DA:7,1
DA:8,1
DA:9,1
DA:10,1
DA:11,1
DA:12,1
DA:13,1
DA:14,1
DA:15,1
DA:16,1
DA:17,1
DA:18,1
DA:19,1
DA:20,1
DA:21,1
DA:22,1
DA:23,1
DA:24,1
DA:25,1
DA:26,1
DA:27,1
DA:28,1
DA:29,1
DA:30,1
DA:31,1
DA:32,1
DA:33,1
DA:34,1
DA:35,1
DA:36,1
DA:37,1
DA:38,0
DA:39,0
DA:40,0
DA:41,0
DA:42,0
DA:43,1
DA:44,1
DA:45,1
DA:46,1
DA:47,1
DA:48,1
DA:49,1
DA:50,1
DA:51,1
DA:52,1
LF:52
LH:47
BRDA:18,0,0,1
BRDA:24,1,0,1
BRDA:45,2,0,1
BRDA:49,3,0,1
BRDA:50,4,0,0
BRF:5
BRH:4
end_of_record
TN:
SF:src\presentation\todos\controller.ts
FN:16,TodosControllers
FN:18,TodosControllers.handleError
FN:26,TodosControllers.getTodos
FN:33,TodosControllers.getTodoById
FN:40,TodosControllers.createTodo
FN:48,TodosControllers.updateTodo
FN:60,TodosControllers.deleteTodo
FNF:7
FNH:7
FNDA:2,TodosControllers
FNDA:3,TodosControllers.handleError
FNDA:1,TodosControllers.getTodos
FNDA:2,TodosControllers.getTodoById
FNDA:3,TodosControllers.createTodo
FNDA:3,TodosControllers.updateTodo
FNDA:2,TodosControllers.deleteTodo
DA:1,1
DA:2,1
DA:3,1
DA:4,1
DA:5,1
DA:6,1
DA:7,1
DA:8,1
DA:9,1
DA:10,1
DA:11,1
DA:12,1
DA:13,1
DA:14,1
DA:15,1
DA:16,1
DA:17,1
DA:18,1
DA:19,3
DA:20,3
DA:21,3
DA:22,3
DA:23,0
DA:24,0
DA:25,1
DA:26,1
DA:27,1
DA:28,1
DA:29,1
DA:30,1
DA:31,1
DA:32,1
DA:33,1
DA:34,2
DA:35,2
DA:36,2
DA:37,2
DA:38,2
DA:39,2
DA:40,1
DA:41,3
DA:42,3
DA:43,1
DA:44,1
DA:45,1
DA:46,1
DA:47,1
DA:48,1
DA:49,3
DA:50,3
DA:51,3
DA:52,3
DA:53,3
DA:54,3
DA:55,3
DA:56,3
DA:57,3
DA:58,3
DA:59,3
DA:60,1
DA:61,2
DA:62,2
DA:63,2
DA:64,2
DA:65,2
DA:66,2
DA:67,1
LF:67
LH:65
BRDA:16,0,0,2
BRDA:18,1,0,3
BRDA:23,2,0,0
BRDA:26,3,0,1
BRDA:29,4,0,1
BRDA:33,5,0,2
BRDA:33,6,0,2
BRDA:37,7,0,1
BRDA:38,8,0,1
BRDA:40,9,0,3
BRDA:42,10,0,2
BRDA:43,11,0,1
BRDA:45,12,0,1
BRDA:48,13,0,3
BRDA:54,14,0,0
BRDA:57,15,0,2
BRDA:58,16,0,1
BRDA:60,17,0,2
BRDA:64,18,0,1
BRDA:65,19,0,1
BRF:20
BRH:18
end_of_record
TN:
SF:src\presentation\todos\routes.ts
FN:7,get routes
FNF:1
FNH:1
FNDA:2,get routes
DA:1,1
DA:2,1
DA:3,1
DA:4,1
DA:5,1
DA:6,1
DA:7,1
DA:8,2
DA:9,2
DA:10,2
DA:11,2
DA:12,2
DA:13,2
DA:14,2
DA:15,2
DA:16,2
DA:17,2
DA:18,2
DA:19,2
DA:20,1
LF:20
LH:20
BRDA:7,0,0,2
BRF:1
BRH:1
end_of_record
TN:
SF:test\test-server.ts
FNF:0
FNH:0
DA:1,1
DA:2,1
DA:3,1
DA:4,1
DA:5,1
DA:6,1
DA:7,1
DA:8,1
LF:8
LH:8
BRF:0
BRH:0
end_of_record
